2020-08-28 00:00:18.384  INFO 17664 --- [http-nio-8080-exec-1] o.s.web.servlet.DispatcherServlet        : Initializing Servlet 'dispatcherServlet'
2020-08-28 00:00:18.403  INFO 17664 --- [http-nio-8080-exec-1] o.s.web.servlet.DispatcherServlet        : Completed initialization in 9 ms
2020-08-28 00:00:18.407 DEBUG 17664 --- [http-nio-8080-exec-1] c.p.pma.logging.ApplicationLoggerAspect  : 
 
 

2020-08-28 00:00:18.407 DEBUG 17664 --- [http-nio-8080-exec-1] c.p.pma.logging.ApplicationLoggerAspect  : ********** Before Method Execution ********** 
 com.proy.pma.controllers.HomeController.displayHome () with arguments[s] = [{}]
2020-08-28 00:00:18.407 DEBUG 17664 --- [http-nio-8080-exec-1] c.p.pma.logging.ApplicationLoggerAspect  : __________________________________________________________________________________________ 
 
 

2020-08-28 00:00:18.444 DEBUG 17664 --- [http-nio-8080-exec-1] c.p.pma.logging.ApplicationLoggerAspect  : ********** After Method Execution ********** 
 com.proy.pma.controllers.HomeController.displayHome () with arguments[s] = [{versionNumber=dev, projects=[com.proy.pma.entities.Project@22b3316d, com.proy.pma.entities.Project@af082fe, com.proy.pma.entities.Project@449c4898, com.proy.pma.entities.Project@7887a22b], projectStatus=[{"value":2,"label":"INPROGRESS"},{"value":1,"label":"COMPLETED"},{"value":1,"label":"NOTSTARTED"}], employeesListProjectCnt=[org.springframework.data.jpa.repository.query.AbstractJpaQuery$TupleConverter$TupleBackedMap@3d19ac41, org.springframework.data.jpa.repository.query.AbstractJpaQuery$TupleConverter$TupleBackedMap@6e16d264, org.springframework.data.jpa.repository.query.AbstractJpaQuery$TupleConverter$TupleBackedMap@243ae1b3, org.springframework.data.jpa.repository.query.AbstractJpaQuery$TupleConverter$TupleBackedMap@54312ad1, org.springframework.data.jpa.repository.query.AbstractJpaQuery$TupleConverter$TupleBackedMap@23612ea3, org.springframework.data.jpa.repository.query.AbstractJpaQuery$TupleConverter$TupleBackedMap@7bbc5d59, org.springframework.data.jpa.repository.query.AbstractJpaQuery$TupleConverter$TupleBackedMap@8f81ce4, org.springframework.data.jpa.repository.query.AbstractJpaQuery$TupleConverter$TupleBackedMap@55c2d888, org.springframework.data.jpa.repository.query.AbstractJpaQuery$TupleConverter$TupleBackedMap@7ffcf0a5, org.springframework.data.jpa.repository.query.AbstractJpaQuery$TupleConverter$TupleBackedMap@66333c96]}]
2020-08-28 00:00:18.444 DEBUG 17664 --- [http-nio-8080-exec-1] c.p.pma.logging.ApplicationLoggerAspect  : __________________________________________________________________________________________ 
 
 

2020-08-28 00:00:21.099 DEBUG 17664 --- [http-nio-8080-exec-2] c.p.pma.logging.ApplicationLoggerAspect  : 
 
 

2020-08-28 00:00:21.100 DEBUG 17664 --- [http-nio-8080-exec-2] c.p.pma.logging.ApplicationLoggerAspect  : ********** Before Method Execution ********** 
 com.proy.pma.controllers.EmployeeController.displayEmployees () with arguments[s] = [{}]
2020-08-28 00:00:21.100 DEBUG 17664 --- [http-nio-8080-exec-2] c.p.pma.logging.ApplicationLoggerAspect  : __________________________________________________________________________________________ 
 
 

2020-08-28 00:00:21.113 DEBUG 17664 --- [http-nio-8080-exec-2] c.p.pma.logging.ApplicationLoggerAspect  : ********** After Method Execution ********** 
 com.proy.pma.controllers.EmployeeController.displayEmployees () with arguments[s] = [{employees=[com.proy.pma.entities.Employee@22a4b08d, com.proy.pma.entities.Employee@4b3f746f, com.proy.pma.entities.Employee@1811c0ff, com.proy.pma.entities.Employee@5716af61, com.proy.pma.entities.Employee@50b15dd6, com.proy.pma.entities.Employee@609dd7a3, com.proy.pma.entities.Employee@769df577, com.proy.pma.entities.Employee@14123162, com.proy.pma.entities.Employee@4e1791db, com.proy.pma.entities.Employee@40b96775]}]
2020-08-28 00:00:21.113 DEBUG 17664 --- [http-nio-8080-exec-2] c.p.pma.logging.ApplicationLoggerAspect  : __________________________________________________________________________________________ 
 
 

2020-08-28 00:00:24.632 DEBUG 17664 --- [http-nio-8080-exec-6] c.p.pma.logging.ApplicationLoggerAspect  : 
 
 

2020-08-28 00:00:24.632 DEBUG 17664 --- [http-nio-8080-exec-6] c.p.pma.logging.ApplicationLoggerAspect  : ********** Before Method Execution ********** 
 com.proy.pma.controllers.AppErrorController.handleError () with arguments[s] = [SecurityContextHolderAwareRequestWrapper[ org.springframework.security.web.context.HttpSessionSecurityContextRepository$SaveToSessionRequestWrapper@11a3b746]]
2020-08-28 00:00:24.632 DEBUG 17664 --- [http-nio-8080-exec-6] c.p.pma.logging.ApplicationLoggerAspect  : __________________________________________________________________________________________ 
 
 

2020-08-28 00:00:24.637 DEBUG 17664 --- [http-nio-8080-exec-6] c.p.pma.logging.ApplicationLoggerAspect  : ********** After Method Execution ********** 
 com.proy.pma.controllers.AppErrorController.handleError () with arguments[s] = [SecurityContextHolderAwareRequestWrapper[ org.springframework.security.web.context.HttpSessionSecurityContextRepository$SaveToSessionRequestWrapper@11a3b746]]
2020-08-28 00:00:24.637 DEBUG 17664 --- [http-nio-8080-exec-6] c.p.pma.logging.ApplicationLoggerAspect  : __________________________________________________________________________________________ 
 
 

2020-08-28 00:00:37.701  WARN 17664 --- [http-nio-8080-exec-10] .w.s.m.s.DefaultHandlerExceptionResolver : Resolved [org.springframework.web.HttpRequestMethodNotSupportedException: Request method 'DELETE' not supported]
2020-08-28 00:01:19.715  INFO 17664 --- [RMI TCP Connection(38)-127.0.0.1] inMXBeanRegistrar$SpringApplicationAdmin : Application shutdown requested.
2020-08-28 00:01:19.929  INFO 17664 --- [RMI TCP Connection(38)-127.0.0.1] j.LocalContainerEntityManagerFactoryBean : Closing JPA EntityManagerFactory for persistence unit 'default'
2020-08-28 00:01:19.930  INFO 17664 --- [RMI TCP Connection(38)-127.0.0.1] o.s.s.concurrent.ThreadPoolTaskExecutor  : Shutting down ExecutorService 'applicationTaskExecutor'
2020-08-28 00:01:29.043  INFO 18648 --- [restartedMain] c.proy.pma.ProjectManagementApplication  : Starting ProjectManagementApplication on DESKTOP-46L3TPJ with PID 18648 (C:\Users\gabri\git\repo-project-management\project-management\target\classes started by gabri in C:\Users\gabri\git\repo-project-management\project-management)
2020-08-28 00:01:29.048 DEBUG 18648 --- [restartedMain] c.proy.pma.ProjectManagementApplication  : Running with Spring Boot v2.3.2.RELEASE, Spring v5.2.8.RELEASE
2020-08-28 00:01:29.048  INFO 18648 --- [restartedMain] c.proy.pma.ProjectManagementApplication  : The following profiles are active: dev
2020-08-28 00:01:29.114  INFO 18648 --- [restartedMain] .e.DevToolsPropertyDefaultsPostProcessor : Devtools property defaults active! Set 'spring.devtools.add-properties' to 'false' to disable
2020-08-28 00:01:29.115  INFO 18648 --- [restartedMain] .e.DevToolsPropertyDefaultsPostProcessor : For additional web related logging consider setting the 'logging.level.web' property to 'DEBUG'
2020-08-28 00:01:30.684  INFO 18648 --- [restartedMain] .s.d.r.c.RepositoryConfigurationDelegate : Bootstrapping Spring Data JPA repositories in DEFERRED mode.
2020-08-28 00:01:30.796  INFO 18648 --- [restartedMain] .s.d.r.c.RepositoryConfigurationDelegate : Finished Spring Data repository scanning in 106ms. Found 3 JPA repository interfaces.
2020-08-28 00:01:31.985  INFO 18648 --- [restartedMain] o.s.b.w.embedded.tomcat.TomcatWebServer  : Tomcat initialized with port(s): 8080 (http)
2020-08-28 00:01:32.121  INFO 18648 --- [restartedMain] w.s.c.ServletWebServerApplicationContext : Root WebApplicationContext: initialization completed in 3006 ms
2020-08-28 00:01:32.380  INFO 18648 --- [restartedMain] o.s.b.a.h2.H2ConsoleAutoConfiguration    : H2 console available at '/h2-console'. Database available at 'jdbc:postgresql://localhost:5432/proy-springbootdb'
2020-08-28 00:01:33.233  INFO 18648 --- [restartedMain] o.s.s.concurrent.ThreadPoolTaskExecutor  : Initializing ExecutorService 'applicationTaskExecutor'
2020-08-28 00:01:33.813  WARN 18648 --- [restartedMain] JpaBaseConfiguration$JpaWebConfiguration : spring.jpa.open-in-view is enabled by default. Therefore, database queries may be performed during view rendering. Explicitly configure spring.jpa.open-in-view to disable this warning
2020-08-28 00:01:35.865  INFO 18648 --- [task-1] j.LocalContainerEntityManagerFactoryBean : Initialized JPA EntityManagerFactory for persistence unit 'default'
2020-08-28 00:01:38.074  INFO 18648 --- [restartedMain] o.s.s.web.DefaultSecurityFilterChain     : Creating filter chain: any request, [org.springframework.security.web.context.request.async.WebAsyncManagerIntegrationFilter@6fcc7048, org.springframework.security.web.context.SecurityContextPersistenceFilter@14eb374e, org.springframework.security.web.header.HeaderWriterFilter@45b3dd53, org.springframework.security.web.authentication.logout.LogoutFilter@5f1ed191, org.springframework.security.web.authentication.UsernamePasswordAuthenticationFilter@f2b4d57, org.springframework.security.web.authentication.ui.DefaultLoginPageGeneratingFilter@338364d1, org.springframework.security.web.authentication.ui.DefaultLogoutPageGeneratingFilter@6f09e1d1, org.springframework.security.web.savedrequest.RequestCacheAwareFilter@31f9dd7b, org.springframework.security.web.servletapi.SecurityContextHolderAwareRequestFilter@6f96871f, org.springframework.security.web.authentication.AnonymousAuthenticationFilter@4f6ea7c4, org.springframework.security.web.session.SessionManagementFilter@36177b96, org.springframework.security.web.access.ExceptionTranslationFilter@268e2798, org.springframework.security.web.access.intercept.FilterSecurityInterceptor@264fb218]
2020-08-28 00:01:40.406  INFO 18648 --- [restartedMain] o.s.b.d.a.OptionalLiveReloadServer       : LiveReload server is running on port 35729
2020-08-28 00:01:41.368  INFO 18648 --- [restartedMain] o.s.b.w.embedded.tomcat.TomcatWebServer  : Tomcat started on port(s): 8080 (http) with context path ''
2020-08-28 00:01:41.378  INFO 18648 --- [restartedMain] DeferredRepositoryInitializationListener : Triggering deferred initialization of Spring Data repositories…
2020-08-28 00:01:41.775  INFO 18648 --- [restartedMain] DeferredRepositoryInitializationListener : Spring Data repositories initialized!
2020-08-28 00:01:41.831  INFO 18648 --- [restartedMain] c.proy.pma.ProjectManagementApplication  : Started ProjectManagementApplication in 13.249 seconds (JVM running for 14.503)
2020-08-28 00:02:07.790  INFO 18648 --- [http-nio-8080-exec-2] o.s.web.servlet.DispatcherServlet        : Initializing Servlet 'dispatcherServlet'
2020-08-28 00:02:07.832  INFO 18648 --- [http-nio-8080-exec-2] o.s.web.servlet.DispatcherServlet        : Completed initialization in 41 ms
2020-08-28 00:02:07.913  WARN 18648 --- [http-nio-8080-exec-2] .w.s.m.s.DefaultHandlerExceptionResolver : Resolved [org.springframework.web.HttpRequestMethodNotSupportedException: Request method 'DELETE' not supported]
2020-08-28 00:17:06.412  INFO 18648 --- [Thread-6] j.LocalContainerEntityManagerFactoryBean : Closing JPA EntityManagerFactory for persistence unit 'default'
2020-08-28 00:17:06.415  INFO 18648 --- [Thread-6] o.s.s.concurrent.ThreadPoolTaskExecutor  : Shutting down ExecutorService 'applicationTaskExecutor'
2020-08-28 00:17:06.540  INFO 18648 --- [restartedMain] c.proy.pma.ProjectManagementApplication  : Starting ProjectManagementApplication on DESKTOP-46L3TPJ with PID 18648 (C:\Users\gabri\git\repo-project-management\project-management\target\classes started by gabri in C:\Users\gabri\git\repo-project-management\project-management)
2020-08-28 00:17:06.540 DEBUG 18648 --- [restartedMain] c.proy.pma.ProjectManagementApplication  : Running with Spring Boot v2.3.2.RELEASE, Spring v5.2.8.RELEASE
2020-08-28 00:17:06.540  INFO 18648 --- [restartedMain] c.proy.pma.ProjectManagementApplication  : The following profiles are active: dev
2020-08-28 00:17:06.875  INFO 18648 --- [restartedMain] .s.d.r.c.RepositoryConfigurationDelegate : Bootstrapping Spring Data JPA repositories in DEFERRED mode.
2020-08-28 00:17:06.898  INFO 18648 --- [restartedMain] .s.d.r.c.RepositoryConfigurationDelegate : Finished Spring Data repository scanning in 22ms. Found 3 JPA repository interfaces.
2020-08-28 00:17:07.061  INFO 18648 --- [restartedMain] o.s.b.w.embedded.tomcat.TomcatWebServer  : Tomcat initialized with port(s): 8080 (http)
2020-08-28 00:17:07.088  INFO 18648 --- [restartedMain] w.s.c.ServletWebServerApplicationContext : Root WebApplicationContext: initialization completed in 544 ms
2020-08-28 00:17:07.162  INFO 18648 --- [restartedMain] o.s.b.a.h2.H2ConsoleAutoConfiguration    : H2 console available at '/h2-console'. Database available at 'jdbc:postgresql://localhost:5432/proy-springbootdb'
2020-08-28 00:17:07.219  INFO 18648 --- [restartedMain] o.s.s.concurrent.ThreadPoolTaskExecutor  : Initializing ExecutorService 'applicationTaskExecutor'
2020-08-28 00:17:07.362  WARN 18648 --- [restartedMain] JpaBaseConfiguration$JpaWebConfiguration : spring.jpa.open-in-view is enabled by default. Therefore, database queries may be performed during view rendering. Explicitly configure spring.jpa.open-in-view to disable this warning
2020-08-28 00:17:07.420  INFO 18648 --- [task-1] j.LocalContainerEntityManagerFactoryBean : Initialized JPA EntityManagerFactory for persistence unit 'default'
2020-08-28 00:17:07.645  INFO 18648 --- [restartedMain] o.s.s.web.DefaultSecurityFilterChain     : Creating filter chain: any request, [org.springframework.security.web.context.request.async.WebAsyncManagerIntegrationFilter@25dddb0f, org.springframework.security.web.context.SecurityContextPersistenceFilter@23a2f67d, org.springframework.security.web.header.HeaderWriterFilter@1002133f, org.springframework.security.web.authentication.logout.LogoutFilter@731c7edf, org.springframework.security.web.authentication.UsernamePasswordAuthenticationFilter@28f38250, org.springframework.security.web.authentication.ui.DefaultLoginPageGeneratingFilter@c9b5ba, org.springframework.security.web.authentication.ui.DefaultLogoutPageGeneratingFilter@16bb3af8, org.springframework.security.web.savedrequest.RequestCacheAwareFilter@25dc5d77, org.springframework.security.web.servletapi.SecurityContextHolderAwareRequestFilter@25c73918, org.springframework.security.web.authentication.AnonymousAuthenticationFilter@572da0ed, org.springframework.security.web.session.SessionManagementFilter@32f2eb39, org.springframework.security.web.access.ExceptionTranslationFilter@2e050fb9, org.springframework.security.web.access.intercept.FilterSecurityInterceptor@1c6bb79d]
2020-08-28 00:17:07.880  INFO 18648 --- [restartedMain] o.s.b.d.a.OptionalLiveReloadServer       : LiveReload server is running on port 35729
2020-08-28 00:17:07.894  INFO 18648 --- [restartedMain] o.s.b.w.embedded.tomcat.TomcatWebServer  : Tomcat started on port(s): 8080 (http) with context path ''
2020-08-28 00:17:07.896  INFO 18648 --- [restartedMain] DeferredRepositoryInitializationListener : Triggering deferred initialization of Spring Data repositories…
2020-08-28 00:17:07.922  INFO 18648 --- [restartedMain] DeferredRepositoryInitializationListener : Spring Data repositories initialized!
2020-08-28 00:17:07.927  INFO 18648 --- [restartedMain] c.proy.pma.ProjectManagementApplication  : Started ProjectManagementApplication in 1.426 seconds (JVM running for 940.599)
2020-08-28 00:17:07.929  INFO 18648 --- [restartedMain] .ConditionEvaluationDeltaLoggingListener : Condition evaluation unchanged
2020-08-28 00:17:50.435  INFO 18648 --- [Thread-9] j.LocalContainerEntityManagerFactoryBean : Closing JPA EntityManagerFactory for persistence unit 'default'
2020-08-28 00:17:50.436  INFO 18648 --- [Thread-9] o.s.s.concurrent.ThreadPoolTaskExecutor  : Shutting down ExecutorService 'applicationTaskExecutor'
2020-08-28 00:17:50.554  INFO 18648 --- [restartedMain] c.proy.pma.ProjectManagementApplication  : Starting ProjectManagementApplication on DESKTOP-46L3TPJ with PID 18648 (C:\Users\gabri\git\repo-project-management\project-management\target\classes started by gabri in C:\Users\gabri\git\repo-project-management\project-management)
2020-08-28 00:17:50.555 DEBUG 18648 --- [restartedMain] c.proy.pma.ProjectManagementApplication  : Running with Spring Boot v2.3.2.RELEASE, Spring v5.2.8.RELEASE
2020-08-28 00:17:50.555  INFO 18648 --- [restartedMain] c.proy.pma.ProjectManagementApplication  : The following profiles are active: dev
2020-08-28 00:17:50.874  INFO 18648 --- [restartedMain] .s.d.r.c.RepositoryConfigurationDelegate : Bootstrapping Spring Data JPA repositories in DEFERRED mode.
2020-08-28 00:17:50.896  INFO 18648 --- [restartedMain] .s.d.r.c.RepositoryConfigurationDelegate : Finished Spring Data repository scanning in 21ms. Found 3 JPA repository interfaces.
2020-08-28 00:17:51.050  INFO 18648 --- [restartedMain] o.s.b.w.embedded.tomcat.TomcatWebServer  : Tomcat initialized with port(s): 8080 (http)
2020-08-28 00:17:51.076  INFO 18648 --- [restartedMain] w.s.c.ServletWebServerApplicationContext : Root WebApplicationContext: initialization completed in 518 ms
2020-08-28 00:17:51.144  INFO 18648 --- [restartedMain] o.s.b.a.h2.H2ConsoleAutoConfiguration    : H2 console available at '/h2-console'. Database available at 'jdbc:postgresql://localhost:5432/proy-springbootdb'
2020-08-28 00:17:51.192  INFO 18648 --- [restartedMain] o.s.s.concurrent.ThreadPoolTaskExecutor  : Initializing ExecutorService 'applicationTaskExecutor'
2020-08-28 00:17:51.341  WARN 18648 --- [restartedMain] JpaBaseConfiguration$JpaWebConfiguration : spring.jpa.open-in-view is enabled by default. Therefore, database queries may be performed during view rendering. Explicitly configure spring.jpa.open-in-view to disable this warning
2020-08-28 00:17:51.351  INFO 18648 --- [task-1] j.LocalContainerEntityManagerFactoryBean : Initialized JPA EntityManagerFactory for persistence unit 'default'
2020-08-28 00:17:51.570  INFO 18648 --- [restartedMain] o.s.s.web.DefaultSecurityFilterChain     : Creating filter chain: any request, [org.springframework.security.web.context.request.async.WebAsyncManagerIntegrationFilter@17fc6fb5, org.springframework.security.web.context.SecurityContextPersistenceFilter@4ba2f0e7, org.springframework.security.web.header.HeaderWriterFilter@4ff11cef, org.springframework.security.web.authentication.logout.LogoutFilter@232fc5b7, org.springframework.security.web.authentication.UsernamePasswordAuthenticationFilter@2c51a82, org.springframework.security.web.authentication.ui.DefaultLoginPageGeneratingFilter@6ec247a3, org.springframework.security.web.authentication.ui.DefaultLogoutPageGeneratingFilter@3458819c, org.springframework.security.web.savedrequest.RequestCacheAwareFilter@6b4f5955, org.springframework.security.web.servletapi.SecurityContextHolderAwareRequestFilter@2c1e36b7, org.springframework.security.web.authentication.AnonymousAuthenticationFilter@7dbc8fe5, org.springframework.security.web.session.SessionManagementFilter@2e0d926d, org.springframework.security.web.access.ExceptionTranslationFilter@25e0a5bb, org.springframework.security.web.access.intercept.FilterSecurityInterceptor@55c39dd7]
2020-08-28 00:17:51.788  INFO 18648 --- [restartedMain] o.s.b.d.a.OptionalLiveReloadServer       : LiveReload server is running on port 35729
2020-08-28 00:17:51.801  INFO 18648 --- [restartedMain] o.s.b.w.embedded.tomcat.TomcatWebServer  : Tomcat started on port(s): 8080 (http) with context path ''
2020-08-28 00:17:51.803  INFO 18648 --- [restartedMain] DeferredRepositoryInitializationListener : Triggering deferred initialization of Spring Data repositories…
2020-08-28 00:17:51.830  INFO 18648 --- [restartedMain] DeferredRepositoryInitializationListener : Spring Data repositories initialized!
2020-08-28 00:17:51.833  INFO 18648 --- [restartedMain] c.proy.pma.ProjectManagementApplication  : Started ProjectManagementApplication in 1.319 seconds (JVM running for 984.506)
2020-08-28 00:17:51.835  INFO 18648 --- [restartedMain] .ConditionEvaluationDeltaLoggingListener : Condition evaluation unchanged
2020-08-28 00:18:21.236  INFO 18648 --- [http-nio-8080-exec-1] o.s.web.servlet.DispatcherServlet        : Initializing Servlet 'dispatcherServlet'
2020-08-28 00:18:21.243  INFO 18648 --- [http-nio-8080-exec-1] o.s.web.servlet.DispatcherServlet        : Completed initialization in 6 ms
2020-08-28 00:18:21.255 DEBUG 18648 --- [http-nio-8080-exec-1] c.p.pma.logging.ApplicationLoggerAspect  : 
 
 

2020-08-28 00:18:21.258 DEBUG 18648 --- [http-nio-8080-exec-1] c.p.pma.logging.ApplicationLoggerAspect  : ********** Before Method Execution ********** 
 com.proy.pma.controllers.HomeController.displayHome () with arguments[s] = [{}]
2020-08-28 00:18:21.258 DEBUG 18648 --- [http-nio-8080-exec-1] c.p.pma.logging.ApplicationLoggerAspect  : __________________________________________________________________________________________ 
 
 

2020-08-28 00:18:21.370 DEBUG 18648 --- [http-nio-8080-exec-1] c.p.pma.logging.ApplicationLoggerAspect  : ********** After Method Execution ********** 
 com.proy.pma.controllers.HomeController.displayHome () with arguments[s] = [{versionNumber=dev, projects=[com.proy.pma.entities.Project@67068e5d, com.proy.pma.entities.Project@5340f221, com.proy.pma.entities.Project@3138c987, com.proy.pma.entities.Project@375d5a8f], projectStatus=[{"value":2,"label":"INPROGRESS"},{"value":1,"label":"COMPLETED"},{"value":1,"label":"NOTSTARTED"}], employeesListProjectCnt=[org.springframework.data.jpa.repository.query.AbstractJpaQuery$TupleConverter$TupleBackedMap@13f81cb1, org.springframework.data.jpa.repository.query.AbstractJpaQuery$TupleConverter$TupleBackedMap@329e3edf, org.springframework.data.jpa.repository.query.AbstractJpaQuery$TupleConverter$TupleBackedMap@49e90424, org.springframework.data.jpa.repository.query.AbstractJpaQuery$TupleConverter$TupleBackedMap@1aa7943c, org.springframework.data.jpa.repository.query.AbstractJpaQuery$TupleConverter$TupleBackedMap@6537f719, org.springframework.data.jpa.repository.query.AbstractJpaQuery$TupleConverter$TupleBackedMap@269c45a6, org.springframework.data.jpa.repository.query.AbstractJpaQuery$TupleConverter$TupleBackedMap@5ba07bcf, org.springframework.data.jpa.repository.query.AbstractJpaQuery$TupleConverter$TupleBackedMap@1fd5b468, org.springframework.data.jpa.repository.query.AbstractJpaQuery$TupleConverter$TupleBackedMap@15611ce2, org.springframework.data.jpa.repository.query.AbstractJpaQuery$TupleConverter$TupleBackedMap@3ae5d67a]}]
2020-08-28 00:18:21.371 DEBUG 18648 --- [http-nio-8080-exec-1] c.p.pma.logging.ApplicationLoggerAspect  : __________________________________________________________________________________________ 
 
 

2020-08-28 00:18:24.157 DEBUG 18648 --- [http-nio-8080-exec-3] c.p.pma.logging.ApplicationLoggerAspect  : 
 
 

2020-08-28 00:18:24.158 DEBUG 18648 --- [http-nio-8080-exec-3] c.p.pma.logging.ApplicationLoggerAspect  : ********** Before Method Execution ********** 
 com.proy.pma.controllers.ProjectController.displayProjects () with arguments[s] = [{}]
2020-08-28 00:18:24.159 DEBUG 18648 --- [http-nio-8080-exec-3] c.p.pma.logging.ApplicationLoggerAspect  : __________________________________________________________________________________________ 
 
 

2020-08-28 00:18:24.171 DEBUG 18648 --- [http-nio-8080-exec-3] c.p.pma.logging.ApplicationLoggerAspect  : ********** After Method Execution ********** 
 com.proy.pma.controllers.ProjectController.displayProjects () with arguments[s] = [{projects=[com.proy.pma.entities.Project@595abfb6, com.proy.pma.entities.Project@5872fecf, com.proy.pma.entities.Project@f10409a, com.proy.pma.entities.Project@497b4f9c]}]
2020-08-28 00:18:24.171 DEBUG 18648 --- [http-nio-8080-exec-3] c.p.pma.logging.ApplicationLoggerAspect  : __________________________________________________________________________________________ 
 
 

2020-08-28 00:18:24.603 DEBUG 18648 --- [http-nio-8080-exec-4] c.p.pma.logging.ApplicationLoggerAspect  : 
 
 

2020-08-28 00:18:24.603 DEBUG 18648 --- [http-nio-8080-exec-4] c.p.pma.logging.ApplicationLoggerAspect  : ********** Before Method Execution ********** 
 com.proy.pma.controllers.EmployeeController.displayEmployees () with arguments[s] = [{}]
2020-08-28 00:18:24.604 DEBUG 18648 --- [http-nio-8080-exec-4] c.p.pma.logging.ApplicationLoggerAspect  : __________________________________________________________________________________________ 
 
 

2020-08-28 00:18:24.616 DEBUG 18648 --- [http-nio-8080-exec-4] c.p.pma.logging.ApplicationLoggerAspect  : ********** After Method Execution ********** 
 com.proy.pma.controllers.EmployeeController.displayEmployees () with arguments[s] = [{employees=[com.proy.pma.entities.Employee@3400a9d2, com.proy.pma.entities.Employee@758077ee, com.proy.pma.entities.Employee@b27d682, com.proy.pma.entities.Employee@5cbee4d5, com.proy.pma.entities.Employee@6dc188a9, com.proy.pma.entities.Employee@1b88adf8, com.proy.pma.entities.Employee@2e2eebcd, com.proy.pma.entities.Employee@59d2a91, com.proy.pma.entities.Employee@64f87e4b, com.proy.pma.entities.Employee@3ac1f841]}]
2020-08-28 00:18:24.616 DEBUG 18648 --- [http-nio-8080-exec-4] c.p.pma.logging.ApplicationLoggerAspect  : __________________________________________________________________________________________ 
 
 

2020-08-28 00:18:28.151 DEBUG 18648 --- [http-nio-8080-exec-7] c.p.pma.logging.ApplicationLoggerAspect  : 
 
 

2020-08-28 00:18:28.151 DEBUG 18648 --- [http-nio-8080-exec-7] c.p.pma.logging.ApplicationLoggerAspect  : ********** Before Method Execution ********** 
 com.proy.pma.controllers.EmployeeController.deleteEmployee () with arguments[s] = [22, {}]
2020-08-28 00:18:28.151 DEBUG 18648 --- [http-nio-8080-exec-7] c.p.pma.logging.ApplicationLoggerAspect  : __________________________________________________________________________________________ 
 
 

2020-08-28 00:18:28.263 DEBUG 18648 --- [http-nio-8080-exec-7] c.p.pma.logging.ApplicationLoggerAspect  : ********** After Method Execution ********** 
 com.proy.pma.controllers.EmployeeController.deleteEmployee () with arguments[s] = [22, {}]
2020-08-28 00:18:28.263 DEBUG 18648 --- [http-nio-8080-exec-7] c.p.pma.logging.ApplicationLoggerAspect  : __________________________________________________________________________________________ 
 
 

2020-08-28 00:18:28.279 DEBUG 18648 --- [http-nio-8080-exec-8] c.p.pma.logging.ApplicationLoggerAspect  : 
 
 

2020-08-28 00:18:28.279 DEBUG 18648 --- [http-nio-8080-exec-8] c.p.pma.logging.ApplicationLoggerAspect  : ********** Before Method Execution ********** 
 com.proy.pma.controllers.EmployeeController.displayEmployees () with arguments[s] = [{}]
2020-08-28 00:18:28.279 DEBUG 18648 --- [http-nio-8080-exec-8] c.p.pma.logging.ApplicationLoggerAspect  : __________________________________________________________________________________________ 
 
 

2020-08-28 00:18:28.282 DEBUG 18648 --- [http-nio-8080-exec-8] c.p.pma.logging.ApplicationLoggerAspect  : ********** After Method Execution ********** 
 com.proy.pma.controllers.EmployeeController.displayEmployees () with arguments[s] = [{employees=[com.proy.pma.entities.Employee@35f68b75, com.proy.pma.entities.Employee@ec718f8, com.proy.pma.entities.Employee@3ab6f27e, com.proy.pma.entities.Employee@42538d9c, com.proy.pma.entities.Employee@4f7bb2aa, com.proy.pma.entities.Employee@74578f39, com.proy.pma.entities.Employee@2a35e6c8, com.proy.pma.entities.Employee@7454b17f, com.proy.pma.entities.Employee@66a8b3bd]}]
2020-08-28 00:18:28.283 DEBUG 18648 --- [http-nio-8080-exec-8] c.p.pma.logging.ApplicationLoggerAspect  : __________________________________________________________________________________________ 
 
 

2020-08-28 00:23:28.616 DEBUG 18648 --- [http-nio-8080-exec-1] c.p.pma.logging.ApplicationLoggerAspect  : 
 
 

2020-08-28 00:23:28.617 DEBUG 18648 --- [http-nio-8080-exec-1] c.p.pma.logging.ApplicationLoggerAspect  : ********** Before Method Execution ********** 
 com.proy.pma.controllers.HomeController.displayHome () with arguments[s] = [{}]
2020-08-28 00:23:28.617 DEBUG 18648 --- [http-nio-8080-exec-1] c.p.pma.logging.ApplicationLoggerAspect  : __________________________________________________________________________________________ 
 
 

2020-08-28 00:23:28.631 DEBUG 18648 --- [http-nio-8080-exec-1] c.p.pma.logging.ApplicationLoggerAspect  : ********** After Method Execution ********** 
 com.proy.pma.controllers.HomeController.displayHome () with arguments[s] = [{versionNumber=dev, projects=[com.proy.pma.entities.Project@5f7c6e02, com.proy.pma.entities.Project@1a8d5bc2, com.proy.pma.entities.Project@61048b0c, com.proy.pma.entities.Project@23e37c2d], projectStatus=[{"value":2,"label":"INPROGRESS"},{"value":1,"label":"COMPLETED"},{"value":1,"label":"NOTSTARTED"}], employeesListProjectCnt=[org.springframework.data.jpa.repository.query.AbstractJpaQuery$TupleConverter$TupleBackedMap@710cd45c, org.springframework.data.jpa.repository.query.AbstractJpaQuery$TupleConverter$TupleBackedMap@564e166a, org.springframework.data.jpa.repository.query.AbstractJpaQuery$TupleConverter$TupleBackedMap@6dff4e86, org.springframework.data.jpa.repository.query.AbstractJpaQuery$TupleConverter$TupleBackedMap@7a46d951, org.springframework.data.jpa.repository.query.AbstractJpaQuery$TupleConverter$TupleBackedMap@1248420d, org.springframework.data.jpa.repository.query.AbstractJpaQuery$TupleConverter$TupleBackedMap@3413eb68, org.springframework.data.jpa.repository.query.AbstractJpaQuery$TupleConverter$TupleBackedMap@230f1812, org.springframework.data.jpa.repository.query.AbstractJpaQuery$TupleConverter$TupleBackedMap@6fcfd173, org.springframework.data.jpa.repository.query.AbstractJpaQuery$TupleConverter$TupleBackedMap@3f47bead]}]
2020-08-28 00:23:28.631 DEBUG 18648 --- [http-nio-8080-exec-1] c.p.pma.logging.ApplicationLoggerAspect  : __________________________________________________________________________________________ 
 
 

2020-08-28 00:25:50.987 DEBUG 18648 --- [http-nio-8080-exec-5] c.p.pma.logging.ApplicationLoggerAspect  : 
 
 

2020-08-28 00:25:50.987 DEBUG 18648 --- [http-nio-8080-exec-5] c.p.pma.logging.ApplicationLoggerAspect  : ********** Before Method Execution ********** 
 com.proy.pma.controllers.EmployeeController.deleteEmployee () with arguments[s] = [22, {}]
2020-08-28 00:25:50.988 DEBUG 18648 --- [http-nio-8080-exec-5] c.p.pma.logging.ApplicationLoggerAspect  : __________________________________________________________________________________________ 
 
 

2020-08-28 00:25:51.018 DEBUG 18648 --- [http-nio-8080-exec-5] c.p.pma.logging.ApplicationLoggerAspect  : ********** After Method Execution ********** 
 com.proy.pma.controllers.EmployeeController.deleteEmployee () with arguments[s] = [22, {}]
2020-08-28 00:25:51.019 DEBUG 18648 --- [http-nio-8080-exec-5] c.p.pma.logging.ApplicationLoggerAspect  : __________________________________________________________________________________________ 
 
 

2020-08-28 00:25:51.037 ERROR 18648 --- [http-nio-8080-exec-5] org.thymeleaf.TemplateEngine             : [THYMELEAF][http-nio-8080-exec-5] Exception processing template "employees/delete": Error resolving template [employees/delete], template might not exist or might not be accessible by any of the configured Template Resolvers

org.thymeleaf.exceptions.TemplateInputException: Error resolving template [employees/delete], template might not exist or might not be accessible by any of the configured Template Resolvers
	at org.thymeleaf.engine.TemplateManager.resolveTemplate(TemplateManager.java:869) ~[thymeleaf-3.0.11.RELEASE.jar:3.0.11.RELEASE]
	at org.thymeleaf.engine.TemplateManager.parseAndProcess(TemplateManager.java:607) ~[thymeleaf-3.0.11.RELEASE.jar:3.0.11.RELEASE]
	at org.thymeleaf.TemplateEngine.process(TemplateEngine.java:1098) ~[thymeleaf-3.0.11.RELEASE.jar:3.0.11.RELEASE]
	at org.thymeleaf.TemplateEngine.process(TemplateEngine.java:1072) ~[thymeleaf-3.0.11.RELEASE.jar:3.0.11.RELEASE]
	at org.thymeleaf.spring5.view.ThymeleafView.renderFragment(ThymeleafView.java:362) ~[thymeleaf-spring5-3.0.11.RELEASE.jar:3.0.11.RELEASE]
	at org.thymeleaf.spring5.view.ThymeleafView.render(ThymeleafView.java:189) ~[thymeleaf-spring5-3.0.11.RELEASE.jar:3.0.11.RELEASE]
	at org.springframework.web.servlet.DispatcherServlet.render(DispatcherServlet.java:1373) ~[spring-webmvc-5.2.8.RELEASE.jar:5.2.8.RELEASE]
	at org.springframework.web.servlet.DispatcherServlet.processDispatchResult(DispatcherServlet.java:1118) ~[spring-webmvc-5.2.8.RELEASE.jar:5.2.8.RELEASE]
	at org.springframework.web.servlet.DispatcherServlet.doDispatch(DispatcherServlet.java:1057) ~[spring-webmvc-5.2.8.RELEASE.jar:5.2.8.RELEASE]
	at org.springframework.web.servlet.DispatcherServlet.doService(DispatcherServlet.java:943) ~[spring-webmvc-5.2.8.RELEASE.jar:5.2.8.RELEASE]
	at org.springframework.web.servlet.FrameworkServlet.processRequest(FrameworkServlet.java:1006) ~[spring-webmvc-5.2.8.RELEASE.jar:5.2.8.RELEASE]
	at org.springframework.web.servlet.FrameworkServlet.doGet(FrameworkServlet.java:898) ~[spring-webmvc-5.2.8.RELEASE.jar:5.2.8.RELEASE]
	at javax.servlet.http.HttpServlet.service(HttpServlet.java:626) ~[tomcat-embed-core-9.0.37.jar:4.0.FR]
	at org.springframework.web.servlet.FrameworkServlet.service(FrameworkServlet.java:883) ~[spring-webmvc-5.2.8.RELEASE.jar:5.2.8.RELEASE]
	at javax.servlet.http.HttpServlet.service(HttpServlet.java:733) ~[tomcat-embed-core-9.0.37.jar:4.0.FR]
	at org.apache.catalina.core.ApplicationFilterChain.internalDoFilter(ApplicationFilterChain.java:231) ~[tomcat-embed-core-9.0.37.jar:9.0.37]
	at org.apache.catalina.core.ApplicationFilterChain.doFilter(ApplicationFilterChain.java:166) ~[tomcat-embed-core-9.0.37.jar:9.0.37]
	at org.apache.tomcat.websocket.server.WsFilter.doFilter(WsFilter.java:53) ~[tomcat-embed-websocket-9.0.37.jar:9.0.37]
	at org.apache.catalina.core.ApplicationFilterChain.internalDoFilter(ApplicationFilterChain.java:193) ~[tomcat-embed-core-9.0.37.jar:9.0.37]
	at org.apache.catalina.core.ApplicationFilterChain.doFilter(ApplicationFilterChain.java:166) ~[tomcat-embed-core-9.0.37.jar:9.0.37]
	at org.springframework.security.web.FilterChainProxy$VirtualFilterChain.doFilter(FilterChainProxy.java:320) ~[spring-security-web-5.3.3.RELEASE.jar:5.3.3.RELEASE]
	at org.springframework.security.web.access.intercept.FilterSecurityInterceptor.invoke(FilterSecurityInterceptor.java:126) ~[spring-security-web-5.3.3.RELEASE.jar:5.3.3.RELEASE]
	at org.springframework.security.web.access.intercept.FilterSecurityInterceptor.doFilter(FilterSecurityInterceptor.java:90) ~[spring-security-web-5.3.3.RELEASE.jar:5.3.3.RELEASE]
	at org.springframework.security.web.FilterChainProxy$VirtualFilterChain.doFilter(FilterChainProxy.java:334) ~[spring-security-web-5.3.3.RELEASE.jar:5.3.3.RELEASE]
	at org.springframework.security.web.access.ExceptionTranslationFilter.doFilter(ExceptionTranslationFilter.java:118) ~[spring-security-web-5.3.3.RELEASE.jar:5.3.3.RELEASE]
	at org.springframework.security.web.FilterChainProxy$VirtualFilterChain.doFilter(FilterChainProxy.java:334) ~[spring-security-web-5.3.3.RELEASE.jar:5.3.3.RELEASE]
	at org.springframework.security.web.session.SessionManagementFilter.doFilter(SessionManagementFilter.java:137) ~[spring-security-web-5.3.3.RELEASE.jar:5.3.3.RELEASE]
	at org.springframework.security.web.FilterChainProxy$VirtualFilterChain.doFilter(FilterChainProxy.java:334) ~[spring-security-web-5.3.3.RELEASE.jar:5.3.3.RELEASE]
	at org.springframework.security.web.authentication.AnonymousAuthenticationFilter.doFilter(AnonymousAuthenticationFilter.java:111) ~[spring-security-web-5.3.3.RELEASE.jar:5.3.3.RELEASE]
	at org.springframework.security.web.FilterChainProxy$VirtualFilterChain.doFilter(FilterChainProxy.java:334) ~[spring-security-web-5.3.3.RELEASE.jar:5.3.3.RELEASE]
	at org.springframework.security.web.servletapi.SecurityContextHolderAwareRequestFilter.doFilter(SecurityContextHolderAwareRequestFilter.java:158) ~[spring-security-web-5.3.3.RELEASE.jar:5.3.3.RELEASE]
	at org.springframework.security.web.FilterChainProxy$VirtualFilterChain.doFilter(FilterChainProxy.java:334) ~[spring-security-web-5.3.3.RELEASE.jar:5.3.3.RELEASE]
	at org.springframework.security.web.savedrequest.RequestCacheAwareFilter.doFilter(RequestCacheAwareFilter.java:63) ~[spring-security-web-5.3.3.RELEASE.jar:5.3.3.RELEASE]
	at org.springframework.security.web.FilterChainProxy$VirtualFilterChain.doFilter(FilterChainProxy.java:334) ~[spring-security-web-5.3.3.RELEASE.jar:5.3.3.RELEASE]
	at org.springframework.security.web.authentication.ui.DefaultLogoutPageGeneratingFilter.doFilterInternal(DefaultLogoutPageGeneratingFilter.java:52) ~[spring-security-web-5.3.3.RELEASE.jar:5.3.3.RELEASE]
	at org.springframework.web.filter.OncePerRequestFilter.doFilter(OncePerRequestFilter.java:119) ~[spring-web-5.2.8.RELEASE.jar:5.2.8.RELEASE]
	at org.springframework.security.web.FilterChainProxy$VirtualFilterChain.doFilter(FilterChainProxy.java:334) ~[spring-security-web-5.3.3.RELEASE.jar:5.3.3.RELEASE]
	at org.springframework.security.web.authentication.ui.DefaultLoginPageGeneratingFilter.doFilter(DefaultLoginPageGeneratingFilter.java:216) ~[spring-security-web-5.3.3.RELEASE.jar:5.3.3.RELEASE]
	at org.springframework.security.web.FilterChainProxy$VirtualFilterChain.doFilter(FilterChainProxy.java:334) ~[spring-security-web-5.3.3.RELEASE.jar:5.3.3.RELEASE]
	at org.springframework.security.web.authentication.AbstractAuthenticationProcessingFilter.doFilter(AbstractAuthenticationProcessingFilter.java:200) ~[spring-security-web-5.3.3.RELEASE.jar:5.3.3.RELEASE]
	at org.springframework.security.web.FilterChainProxy$VirtualFilterChain.doFilter(FilterChainProxy.java:334) ~[spring-security-web-5.3.3.RELEASE.jar:5.3.3.RELEASE]
	at org.springframework.security.web.authentication.logout.LogoutFilter.doFilter(LogoutFilter.java:116) ~[spring-security-web-5.3.3.RELEASE.jar:5.3.3.RELEASE]
	at org.springframework.security.web.FilterChainProxy$VirtualFilterChain.doFilter(FilterChainProxy.java:334) ~[spring-security-web-5.3.3.RELEASE.jar:5.3.3.RELEASE]
	at org.springframework.security.web.header.HeaderWriterFilter.doHeadersAfter(HeaderWriterFilter.java:92) ~[spring-security-web-5.3.3.RELEASE.jar:5.3.3.RELEASE]
	at org.springframework.security.web.header.HeaderWriterFilter.doFilterInternal(HeaderWriterFilter.java:77) ~[spring-security-web-5.3.3.RELEASE.jar:5.3.3.RELEASE]
	at org.springframework.web.filter.OncePerRequestFilter.doFilter(OncePerRequestFilter.java:119) ~[spring-web-5.2.8.RELEASE.jar:5.2.8.RELEASE]
	at org.springframework.security.web.FilterChainProxy$VirtualFilterChain.doFilter(FilterChainProxy.java:334) ~[spring-security-web-5.3.3.RELEASE.jar:5.3.3.RELEASE]
	at org.springframework.security.web.context.SecurityContextPersistenceFilter.doFilter(SecurityContextPersistenceFilter.java:105) ~[spring-security-web-5.3.3.RELEASE.jar:5.3.3.RELEASE]
	at org.springframework.security.web.FilterChainProxy$VirtualFilterChain.doFilter(FilterChainProxy.java:334) ~[spring-security-web-5.3.3.RELEASE.jar:5.3.3.RELEASE]
	at org.springframework.security.web.context.request.async.WebAsyncManagerIntegrationFilter.doFilterInternal(WebAsyncManagerIntegrationFilter.java:56) ~[spring-security-web-5.3.3.RELEASE.jar:5.3.3.RELEASE]
	at org.springframework.web.filter.OncePerRequestFilter.doFilter(OncePerRequestFilter.java:119) ~[spring-web-5.2.8.RELEASE.jar:5.2.8.RELEASE]
	at org.springframework.security.web.FilterChainProxy$VirtualFilterChain.doFilter(FilterChainProxy.java:334) ~[spring-security-web-5.3.3.RELEASE.jar:5.3.3.RELEASE]
	at org.springframework.security.web.FilterChainProxy.doFilterInternal(FilterChainProxy.java:215) ~[spring-security-web-5.3.3.RELEASE.jar:5.3.3.RELEASE]
	at org.springframework.security.web.FilterChainProxy.doFilter(FilterChainProxy.java:178) ~[spring-security-web-5.3.3.RELEASE.jar:5.3.3.RELEASE]
	at org.springframework.web.filter.DelegatingFilterProxy.invokeDelegate(DelegatingFilterProxy.java:358) ~[spring-web-5.2.8.RELEASE.jar:5.2.8.RELEASE]
	at org.springframework.web.filter.DelegatingFilterProxy.doFilter(DelegatingFilterProxy.java:271) ~[spring-web-5.2.8.RELEASE.jar:5.2.8.RELEASE]
	at org.apache.catalina.core.ApplicationFilterChain.internalDoFilter(ApplicationFilterChain.java:193) ~[tomcat-embed-core-9.0.37.jar:9.0.37]
	at org.apache.catalina.core.ApplicationFilterChain.doFilter(ApplicationFilterChain.java:166) ~[tomcat-embed-core-9.0.37.jar:9.0.37]
	at org.springframework.web.filter.RequestContextFilter.doFilterInternal(RequestContextFilter.java:100) ~[spring-web-5.2.8.RELEASE.jar:5.2.8.RELEASE]
	at org.springframework.web.filter.OncePerRequestFilter.doFilter(OncePerRequestFilter.java:119) ~[spring-web-5.2.8.RELEASE.jar:5.2.8.RELEASE]
	at org.apache.catalina.core.ApplicationFilterChain.internalDoFilter(ApplicationFilterChain.java:193) ~[tomcat-embed-core-9.0.37.jar:9.0.37]
	at org.apache.catalina.core.ApplicationFilterChain.doFilter(ApplicationFilterChain.java:166) ~[tomcat-embed-core-9.0.37.jar:9.0.37]
	at org.springframework.web.filter.FormContentFilter.doFilterInternal(FormContentFilter.java:93) ~[spring-web-5.2.8.RELEASE.jar:5.2.8.RELEASE]
	at org.springframework.web.filter.OncePerRequestFilter.doFilter(OncePerRequestFilter.java:119) ~[spring-web-5.2.8.RELEASE.jar:5.2.8.RELEASE]
	at org.apache.catalina.core.ApplicationFilterChain.internalDoFilter(ApplicationFilterChain.java:193) ~[tomcat-embed-core-9.0.37.jar:9.0.37]
	at org.apache.catalina.core.ApplicationFilterChain.doFilter(ApplicationFilterChain.java:166) ~[tomcat-embed-core-9.0.37.jar:9.0.37]
	at org.springframework.web.filter.CharacterEncodingFilter.doFilterInternal(CharacterEncodingFilter.java:201) ~[spring-web-5.2.8.RELEASE.jar:5.2.8.RELEASE]
	at org.springframework.web.filter.OncePerRequestFilter.doFilter(OncePerRequestFilter.java:119) ~[spring-web-5.2.8.RELEASE.jar:5.2.8.RELEASE]
	at org.apache.catalina.core.ApplicationFilterChain.internalDoFilter(ApplicationFilterChain.java:193) ~[tomcat-embed-core-9.0.37.jar:9.0.37]
	at org.apache.catalina.core.ApplicationFilterChain.doFilter(ApplicationFilterChain.java:166) ~[tomcat-embed-core-9.0.37.jar:9.0.37]
	at org.apache.catalina.core.StandardWrapperValve.invoke(StandardWrapperValve.java:202) ~[tomcat-embed-core-9.0.37.jar:9.0.37]
	at org.apache.catalina.core.StandardContextValve.invoke(StandardContextValve.java:96) ~[tomcat-embed-core-9.0.37.jar:9.0.37]
	at org.apache.catalina.authenticator.AuthenticatorBase.invoke(AuthenticatorBase.java:541) ~[tomcat-embed-core-9.0.37.jar:9.0.37]
	at org.apache.catalina.core.StandardHostValve.invoke(StandardHostValve.java:139) ~[tomcat-embed-core-9.0.37.jar:9.0.37]
	at org.apache.catalina.valves.ErrorReportValve.invoke(ErrorReportValve.java:92) ~[tomcat-embed-core-9.0.37.jar:9.0.37]
	at org.apache.catalina.core.StandardEngineValve.invoke(StandardEngineValve.java:74) ~[tomcat-embed-core-9.0.37.jar:9.0.37]
	at org.apache.catalina.connector.CoyoteAdapter.service(CoyoteAdapter.java:343) ~[tomcat-embed-core-9.0.37.jar:9.0.37]
	at org.apache.coyote.http11.Http11Processor.service(Http11Processor.java:373) ~[tomcat-embed-core-9.0.37.jar:9.0.37]
	at org.apache.coyote.AbstractProcessorLight.process(AbstractProcessorLight.java:65) ~[tomcat-embed-core-9.0.37.jar:9.0.37]
	at org.apache.coyote.AbstractProtocol$ConnectionHandler.process(AbstractProtocol.java:868) ~[tomcat-embed-core-9.0.37.jar:9.0.37]
	at org.apache.tomcat.util.net.NioEndpoint$SocketProcessor.doRun(NioEndpoint.java:1589) ~[tomcat-embed-core-9.0.37.jar:9.0.37]
	at org.apache.tomcat.util.net.SocketProcessorBase.run(SocketProcessorBase.java:49) ~[tomcat-embed-core-9.0.37.jar:9.0.37]
	at java.base/java.util.concurrent.ThreadPoolExecutor.runWorker(ThreadPoolExecutor.java:1128) ~[na:na]
	at java.base/java.util.concurrent.ThreadPoolExecutor$Worker.run(ThreadPoolExecutor.java:628) ~[na:na]
	at org.apache.tomcat.util.threads.TaskThread$WrappingRunnable.run(TaskThread.java:61) ~[tomcat-embed-core-9.0.37.jar:9.0.37]
	at java.base/java.lang.Thread.run(Thread.java:830) ~[na:na]

2020-08-28 00:25:51.044 ERROR 18648 --- [http-nio-8080-exec-5] o.a.c.c.C.[.[.[/].[dispatcherServlet]    : Servlet.service() for servlet [dispatcherServlet] in context with path [] threw exception [Request processing failed; nested exception is org.thymeleaf.exceptions.TemplateInputException: Error resolving template [employees/delete], template might not exist or might not be accessible by any of the configured Template Resolvers] with root cause

org.thymeleaf.exceptions.TemplateInputException: Error resolving template [employees/delete], template might not exist or might not be accessible by any of the configured Template Resolvers
	at org.thymeleaf.engine.TemplateManager.resolveTemplate(TemplateManager.java:869) ~[thymeleaf-3.0.11.RELEASE.jar:3.0.11.RELEASE]
	at org.thymeleaf.engine.TemplateManager.parseAndProcess(TemplateManager.java:607) ~[thymeleaf-3.0.11.RELEASE.jar:3.0.11.RELEASE]
	at org.thymeleaf.TemplateEngine.process(TemplateEngine.java:1098) ~[thymeleaf-3.0.11.RELEASE.jar:3.0.11.RELEASE]
	at org.thymeleaf.TemplateEngine.process(TemplateEngine.java:1072) ~[thymeleaf-3.0.11.RELEASE.jar:3.0.11.RELEASE]
	at org.thymeleaf.spring5.view.ThymeleafView.renderFragment(ThymeleafView.java:362) ~[thymeleaf-spring5-3.0.11.RELEASE.jar:3.0.11.RELEASE]
	at org.thymeleaf.spring5.view.ThymeleafView.render(ThymeleafView.java:189) ~[thymeleaf-spring5-3.0.11.RELEASE.jar:3.0.11.RELEASE]
	at org.springframework.web.servlet.DispatcherServlet.render(DispatcherServlet.java:1373) ~[spring-webmvc-5.2.8.RELEASE.jar:5.2.8.RELEASE]
	at org.springframework.web.servlet.DispatcherServlet.processDispatchResult(DispatcherServlet.java:1118) ~[spring-webmvc-5.2.8.RELEASE.jar:5.2.8.RELEASE]
	at org.springframework.web.servlet.DispatcherServlet.doDispatch(DispatcherServlet.java:1057) ~[spring-webmvc-5.2.8.RELEASE.jar:5.2.8.RELEASE]
	at org.springframework.web.servlet.DispatcherServlet.doService(DispatcherServlet.java:943) ~[spring-webmvc-5.2.8.RELEASE.jar:5.2.8.RELEASE]
	at org.springframework.web.servlet.FrameworkServlet.processRequest(FrameworkServlet.java:1006) ~[spring-webmvc-5.2.8.RELEASE.jar:5.2.8.RELEASE]
	at org.springframework.web.servlet.FrameworkServlet.doGet(FrameworkServlet.java:898) ~[spring-webmvc-5.2.8.RELEASE.jar:5.2.8.RELEASE]
	at javax.servlet.http.HttpServlet.service(HttpServlet.java:626) ~[tomcat-embed-core-9.0.37.jar:4.0.FR]
	at org.springframework.web.servlet.FrameworkServlet.service(FrameworkServlet.java:883) ~[spring-webmvc-5.2.8.RELEASE.jar:5.2.8.RELEASE]
	at javax.servlet.http.HttpServlet.service(HttpServlet.java:733) ~[tomcat-embed-core-9.0.37.jar:4.0.FR]
	at org.apache.catalina.core.ApplicationFilterChain.internalDoFilter(ApplicationFilterChain.java:231) ~[tomcat-embed-core-9.0.37.jar:9.0.37]
	at org.apache.catalina.core.ApplicationFilterChain.doFilter(ApplicationFilterChain.java:166) ~[tomcat-embed-core-9.0.37.jar:9.0.37]
	at org.apache.tomcat.websocket.server.WsFilter.doFilter(WsFilter.java:53) ~[tomcat-embed-websocket-9.0.37.jar:9.0.37]
	at org.apache.catalina.core.ApplicationFilterChain.internalDoFilter(ApplicationFilterChain.java:193) ~[tomcat-embed-core-9.0.37.jar:9.0.37]
	at org.apache.catalina.core.ApplicationFilterChain.doFilter(ApplicationFilterChain.java:166) ~[tomcat-embed-core-9.0.37.jar:9.0.37]
	at org.springframework.security.web.FilterChainProxy$VirtualFilterChain.doFilter(FilterChainProxy.java:320) ~[spring-security-web-5.3.3.RELEASE.jar:5.3.3.RELEASE]
	at org.springframework.security.web.access.intercept.FilterSecurityInterceptor.invoke(FilterSecurityInterceptor.java:126) ~[spring-security-web-5.3.3.RELEASE.jar:5.3.3.RELEASE]
	at org.springframework.security.web.access.intercept.FilterSecurityInterceptor.doFilter(FilterSecurityInterceptor.java:90) ~[spring-security-web-5.3.3.RELEASE.jar:5.3.3.RELEASE]
	at org.springframework.security.web.FilterChainProxy$VirtualFilterChain.doFilter(FilterChainProxy.java:334) ~[spring-security-web-5.3.3.RELEASE.jar:5.3.3.RELEASE]
	at org.springframework.security.web.access.ExceptionTranslationFilter.doFilter(ExceptionTranslationFilter.java:118) ~[spring-security-web-5.3.3.RELEASE.jar:5.3.3.RELEASE]
	at org.springframework.security.web.FilterChainProxy$VirtualFilterChain.doFilter(FilterChainProxy.java:334) ~[spring-security-web-5.3.3.RELEASE.jar:5.3.3.RELEASE]
	at org.springframework.security.web.session.SessionManagementFilter.doFilter(SessionManagementFilter.java:137) ~[spring-security-web-5.3.3.RELEASE.jar:5.3.3.RELEASE]
	at org.springframework.security.web.FilterChainProxy$VirtualFilterChain.doFilter(FilterChainProxy.java:334) ~[spring-security-web-5.3.3.RELEASE.jar:5.3.3.RELEASE]
	at org.springframework.security.web.authentication.AnonymousAuthenticationFilter.doFilter(AnonymousAuthenticationFilter.java:111) ~[spring-security-web-5.3.3.RELEASE.jar:5.3.3.RELEASE]
	at org.springframework.security.web.FilterChainProxy$VirtualFilterChain.doFilter(FilterChainProxy.java:334) ~[spring-security-web-5.3.3.RELEASE.jar:5.3.3.RELEASE]
	at org.springframework.security.web.servletapi.SecurityContextHolderAwareRequestFilter.doFilter(SecurityContextHolderAwareRequestFilter.java:158) ~[spring-security-web-5.3.3.RELEASE.jar:5.3.3.RELEASE]
	at org.springframework.security.web.FilterChainProxy$VirtualFilterChain.doFilter(FilterChainProxy.java:334) ~[spring-security-web-5.3.3.RELEASE.jar:5.3.3.RELEASE]
	at org.springframework.security.web.savedrequest.RequestCacheAwareFilter.doFilter(RequestCacheAwareFilter.java:63) ~[spring-security-web-5.3.3.RELEASE.jar:5.3.3.RELEASE]
	at org.springframework.security.web.FilterChainProxy$VirtualFilterChain.doFilter(FilterChainProxy.java:334) ~[spring-security-web-5.3.3.RELEASE.jar:5.3.3.RELEASE]
	at org.springframework.security.web.authentication.ui.DefaultLogoutPageGeneratingFilter.doFilterInternal(DefaultLogoutPageGeneratingFilter.java:52) ~[spring-security-web-5.3.3.RELEASE.jar:5.3.3.RELEASE]
	at org.springframework.web.filter.OncePerRequestFilter.doFilter(OncePerRequestFilter.java:119) ~[spring-web-5.2.8.RELEASE.jar:5.2.8.RELEASE]
	at org.springframework.security.web.FilterChainProxy$VirtualFilterChain.doFilter(FilterChainProxy.java:334) ~[spring-security-web-5.3.3.RELEASE.jar:5.3.3.RELEASE]
	at org.springframework.security.web.authentication.ui.DefaultLoginPageGeneratingFilter.doFilter(DefaultLoginPageGeneratingFilter.java:216) ~[spring-security-web-5.3.3.RELEASE.jar:5.3.3.RELEASE]
	at org.springframework.security.web.FilterChainProxy$VirtualFilterChain.doFilter(FilterChainProxy.java:334) ~[spring-security-web-5.3.3.RELEASE.jar:5.3.3.RELEASE]
	at org.springframework.security.web.authentication.AbstractAuthenticationProcessingFilter.doFilter(AbstractAuthenticationProcessingFilter.java:200) ~[spring-security-web-5.3.3.RELEASE.jar:5.3.3.RELEASE]
	at org.springframework.security.web.FilterChainProxy$VirtualFilterChain.doFilter(FilterChainProxy.java:334) ~[spring-security-web-5.3.3.RELEASE.jar:5.3.3.RELEASE]
	at org.springframework.security.web.authentication.logout.LogoutFilter.doFilter(LogoutFilter.java:116) ~[spring-security-web-5.3.3.RELEASE.jar:5.3.3.RELEASE]
	at org.springframework.security.web.FilterChainProxy$VirtualFilterChain.doFilter(FilterChainProxy.java:334) ~[spring-security-web-5.3.3.RELEASE.jar:5.3.3.RELEASE]
	at org.springframework.security.web.header.HeaderWriterFilter.doHeadersAfter(HeaderWriterFilter.java:92) ~[spring-security-web-5.3.3.RELEASE.jar:5.3.3.RELEASE]
	at org.springframework.security.web.header.HeaderWriterFilter.doFilterInternal(HeaderWriterFilter.java:77) ~[spring-security-web-5.3.3.RELEASE.jar:5.3.3.RELEASE]
	at org.springframework.web.filter.OncePerRequestFilter.doFilter(OncePerRequestFilter.java:119) ~[spring-web-5.2.8.RELEASE.jar:5.2.8.RELEASE]
	at org.springframework.security.web.FilterChainProxy$VirtualFilterChain.doFilter(FilterChainProxy.java:334) ~[spring-security-web-5.3.3.RELEASE.jar:5.3.3.RELEASE]
	at org.springframework.security.web.context.SecurityContextPersistenceFilter.doFilter(SecurityContextPersistenceFilter.java:105) ~[spring-security-web-5.3.3.RELEASE.jar:5.3.3.RELEASE]
	at org.springframework.security.web.FilterChainProxy$VirtualFilterChain.doFilter(FilterChainProxy.java:334) ~[spring-security-web-5.3.3.RELEASE.jar:5.3.3.RELEASE]
	at org.springframework.security.web.context.request.async.WebAsyncManagerIntegrationFilter.doFilterInternal(WebAsyncManagerIntegrationFilter.java:56) ~[spring-security-web-5.3.3.RELEASE.jar:5.3.3.RELEASE]
	at org.springframework.web.filter.OncePerRequestFilter.doFilter(OncePerRequestFilter.java:119) ~[spring-web-5.2.8.RELEASE.jar:5.2.8.RELEASE]
	at org.springframework.security.web.FilterChainProxy$VirtualFilterChain.doFilter(FilterChainProxy.java:334) ~[spring-security-web-5.3.3.RELEASE.jar:5.3.3.RELEASE]
	at org.springframework.security.web.FilterChainProxy.doFilterInternal(FilterChainProxy.java:215) ~[spring-security-web-5.3.3.RELEASE.jar:5.3.3.RELEASE]
	at org.springframework.security.web.FilterChainProxy.doFilter(FilterChainProxy.java:178) ~[spring-security-web-5.3.3.RELEASE.jar:5.3.3.RELEASE]
	at org.springframework.web.filter.DelegatingFilterProxy.invokeDelegate(DelegatingFilterProxy.java:358) ~[spring-web-5.2.8.RELEASE.jar:5.2.8.RELEASE]
	at org.springframework.web.filter.DelegatingFilterProxy.doFilter(DelegatingFilterProxy.java:271) ~[spring-web-5.2.8.RELEASE.jar:5.2.8.RELEASE]
	at org.apache.catalina.core.ApplicationFilterChain.internalDoFilter(ApplicationFilterChain.java:193) ~[tomcat-embed-core-9.0.37.jar:9.0.37]
	at org.apache.catalina.core.ApplicationFilterChain.doFilter(ApplicationFilterChain.java:166) ~[tomcat-embed-core-9.0.37.jar:9.0.37]
	at org.springframework.web.filter.RequestContextFilter.doFilterInternal(RequestContextFilter.java:100) ~[spring-web-5.2.8.RELEASE.jar:5.2.8.RELEASE]
	at org.springframework.web.filter.OncePerRequestFilter.doFilter(OncePerRequestFilter.java:119) ~[spring-web-5.2.8.RELEASE.jar:5.2.8.RELEASE]
	at org.apache.catalina.core.ApplicationFilterChain.internalDoFilter(ApplicationFilterChain.java:193) ~[tomcat-embed-core-9.0.37.jar:9.0.37]
	at org.apache.catalina.core.ApplicationFilterChain.doFilter(ApplicationFilterChain.java:166) ~[tomcat-embed-core-9.0.37.jar:9.0.37]
	at org.springframework.web.filter.FormContentFilter.doFilterInternal(FormContentFilter.java:93) ~[spring-web-5.2.8.RELEASE.jar:5.2.8.RELEASE]
	at org.springframework.web.filter.OncePerRequestFilter.doFilter(OncePerRequestFilter.java:119) ~[spring-web-5.2.8.RELEASE.jar:5.2.8.RELEASE]
	at org.apache.catalina.core.ApplicationFilterChain.internalDoFilter(ApplicationFilterChain.java:193) ~[tomcat-embed-core-9.0.37.jar:9.0.37]
	at org.apache.catalina.core.ApplicationFilterChain.doFilter(ApplicationFilterChain.java:166) ~[tomcat-embed-core-9.0.37.jar:9.0.37]
	at org.springframework.web.filter.CharacterEncodingFilter.doFilterInternal(CharacterEncodingFilter.java:201) ~[spring-web-5.2.8.RELEASE.jar:5.2.8.RELEASE]
	at org.springframework.web.filter.OncePerRequestFilter.doFilter(OncePerRequestFilter.java:119) ~[spring-web-5.2.8.RELEASE.jar:5.2.8.RELEASE]
	at org.apache.catalina.core.ApplicationFilterChain.internalDoFilter(ApplicationFilterChain.java:193) ~[tomcat-embed-core-9.0.37.jar:9.0.37]
	at org.apache.catalina.core.ApplicationFilterChain.doFilter(ApplicationFilterChain.java:166) ~[tomcat-embed-core-9.0.37.jar:9.0.37]
	at org.apache.catalina.core.StandardWrapperValve.invoke(StandardWrapperValve.java:202) ~[tomcat-embed-core-9.0.37.jar:9.0.37]
	at org.apache.catalina.core.StandardContextValve.invoke(StandardContextValve.java:96) ~[tomcat-embed-core-9.0.37.jar:9.0.37]
	at org.apache.catalina.authenticator.AuthenticatorBase.invoke(AuthenticatorBase.java:541) ~[tomcat-embed-core-9.0.37.jar:9.0.37]
	at org.apache.catalina.core.StandardHostValve.invoke(StandardHostValve.java:139) ~[tomcat-embed-core-9.0.37.jar:9.0.37]
	at org.apache.catalina.valves.ErrorReportValve.invoke(ErrorReportValve.java:92) ~[tomcat-embed-core-9.0.37.jar:9.0.37]
	at org.apache.catalina.core.StandardEngineValve.invoke(StandardEngineValve.java:74) ~[tomcat-embed-core-9.0.37.jar:9.0.37]
	at org.apache.catalina.connector.CoyoteAdapter.service(CoyoteAdapter.java:343) ~[tomcat-embed-core-9.0.37.jar:9.0.37]
	at org.apache.coyote.http11.Http11Processor.service(Http11Processor.java:373) ~[tomcat-embed-core-9.0.37.jar:9.0.37]
	at org.apache.coyote.AbstractProcessorLight.process(AbstractProcessorLight.java:65) ~[tomcat-embed-core-9.0.37.jar:9.0.37]
	at org.apache.coyote.AbstractProtocol$ConnectionHandler.process(AbstractProtocol.java:868) ~[tomcat-embed-core-9.0.37.jar:9.0.37]
	at org.apache.tomcat.util.net.NioEndpoint$SocketProcessor.doRun(NioEndpoint.java:1589) ~[tomcat-embed-core-9.0.37.jar:9.0.37]
	at org.apache.tomcat.util.net.SocketProcessorBase.run(SocketProcessorBase.java:49) ~[tomcat-embed-core-9.0.37.jar:9.0.37]
	at java.base/java.util.concurrent.ThreadPoolExecutor.runWorker(ThreadPoolExecutor.java:1128) ~[na:na]
	at java.base/java.util.concurrent.ThreadPoolExecutor$Worker.run(ThreadPoolExecutor.java:628) ~[na:na]
	at org.apache.tomcat.util.threads.TaskThread$WrappingRunnable.run(TaskThread.java:61) ~[tomcat-embed-core-9.0.37.jar:9.0.37]
	at java.base/java.lang.Thread.run(Thread.java:830) ~[na:na]

2020-08-28 00:25:51.047 DEBUG 18648 --- [http-nio-8080-exec-5] c.p.pma.logging.ApplicationLoggerAspect  : 
 
 

2020-08-28 00:25:51.047 DEBUG 18648 --- [http-nio-8080-exec-5] c.p.pma.logging.ApplicationLoggerAspect  : ********** Before Method Execution ********** 
 com.proy.pma.controllers.AppErrorController.handleError () with arguments[s] = [SecurityContextHolderAwareRequestWrapper[ org.springframework.security.web.context.HttpSessionSecurityContextRepository$SaveToSessionRequestWrapper@6d67119c]]
2020-08-28 00:25:51.047 DEBUG 18648 --- [http-nio-8080-exec-5] c.p.pma.logging.ApplicationLoggerAspect  : __________________________________________________________________________________________ 
 
 

2020-08-28 00:25:51.051 DEBUG 18648 --- [http-nio-8080-exec-5] c.p.pma.logging.ApplicationLoggerAspect  : ********** After Method Execution ********** 
 com.proy.pma.controllers.AppErrorController.handleError () with arguments[s] = [SecurityContextHolderAwareRequestWrapper[ org.springframework.security.web.context.HttpSessionSecurityContextRepository$SaveToSessionRequestWrapper@6d67119c]]
2020-08-28 00:25:51.051 DEBUG 18648 --- [http-nio-8080-exec-5] c.p.pma.logging.ApplicationLoggerAspect  : __________________________________________________________________________________________ 
 
 

